Using pre-set license
Built from '2020.3/staging' branch; Version is '2020.3.0f1 (c7b5465681fb) revision 13088070'; Using compiler version '192528614'; Build Type 'Release'
OS: 'Windows 10 Pro; OS build 19041.985; Version 2004; 64bit' Language: 'zh' Physical Memory: 32686 MB
BatchMode: 1, IsHumanControllingUs: 0, StartBugReporterOnCrash: 0, Is64bit: 1, IsPro: 0

 COMMAND LINE ARGUMENTS:
C:\Program Files\Unity\Editor\Unity.exe
-adb2
-batchMode
-noUpm
-name
AssetImportWorker0
-projectPath
D:/work/UnityWork/10714061-1
-logFile
Logs/AssetImportWorker0.log
-srvPort
5446
Successfully changed project path to: D:/work/UnityWork/10714061-1
D:/work/UnityWork/10714061-1
Using Asset Import Pipeline V2.
Refreshing native plugins compatible for Editor in 29.41 ms, found 0 plugins.
Preloading 0 native plugins for Editor in 0.00 ms.
Initialize engine version: 2020.3.0f1 (c7b5465681fb)
[Subsystems] Discovering subsystems at path C:/Program Files/Unity/Editor/Data/Resources/UnitySubsystems
[Subsystems] Discovering subsystems at path D:/work/UnityWork/10714061-1/Assets
GfxDevice: creating device client; threaded=0
Direct3D:
    Version:  Direct3D 11.0 [level 11.1]
    Renderer: Radeon RX 580 Series (ID=0x67df)
    Vendor:   
    VRAM:     4075 MB
    Driver:   27.20.14535.3005
Initialize mono
Mono path[0] = 'C:/Program Files/Unity/Editor/Data/Managed'
Mono path[1] = 'C:/Program Files/Unity/Editor/Data/MonoBleedingEdge/lib/mono/unityjit'
Mono config path = 'C:/Program Files/Unity/Editor/Data/MonoBleedingEdge/etc'
Using monoOptions --debugger-agent=transport=dt_socket,embedding=1,server=y,suspend=n,address=127.0.0.1:56788
Begin MonoManager ReloadAssembly
Registering precompiled unity dll's ...
Register platform support module: C:/Program Files/Unity/Editor/Data/PlaybackEngines/WindowsStandaloneSupport/UnityEditor.WindowsStandalone.Extensions.dll
Registered in 0.001903 seconds.
Native extension for WindowsStandalone target not found
Refreshing native plugins compatible for Editor in 28.79 ms, found 0 plugins.
Preloading 0 native plugins for Editor in 0.00 ms.
Invoked RoslynAnalysisRunner static constructor.
RoslynAnalysisRunner will not be running.
RoslynAnalysisRunner has terminated.
Mono: successfully reloaded assembly
- Completed reload, in  0.930 seconds
Platform modules already initialized, skipping
Registering precompiled user dll's ...
Registered in 0.000670 seconds.
Begin MonoManager ReloadAssembly
Native extension for WindowsStandalone target not found
Refreshing native plugins compatible for Editor in 0.26 ms, found 0 plugins.
Preloading 0 native plugins for Editor in 0.00 ms.
Invoked RoslynAnalysisRunner static constructor.
RoslynAnalysisRunner will not be running.
RoslynAnalysisRunner has terminated.
Mono: successfully reloaded assembly
- Completed reload, in  0.788 seconds
Platform modules already initialized, skipping
========================================================================
Worker process is ready to serve import requests
Launched and connected shader compiler UnityShaderCompiler.exe after 0.04 seconds
Refreshing native plugins compatible for Editor in 0.26 ms, found 0 plugins.
Preloading 0 native plugins for Editor in 0.00 ms.
Unloading 1149 Unused Serialized files (Serialized files now loaded: 0)
System memory in use before: 69.8 MB.
System memory in use after: 69.9 MB.

Unloading 10 unused Assets to reduce memory usage. Loaded Objects now: 1605.
Total: 1.518600 ms (FindLiveObjects: 0.132800 ms CreateObjectMapping: 0.059600 ms MarkObjects: 1.213200 ms  DeleteObjects: 0.112100 ms)

========================================================================
Received Import Request.
  path: Assets/SimpleNaturePack/Scenes/menu.unity
  artifactKey: Guid(6cc68dd65f9443c4bbc2d3108bd63b4f) Importer(815301076,1909f56bfc062723c751e8b465ee728b)
Start importing Assets/SimpleNaturePack/Scenes/menu.unity using Guid(6cc68dd65f9443c4bbc2d3108bd63b4f) Importer(815301076,1909f56bfc062723c751e8b465ee728b)  -> (artifact id: '24af4ddc311682602b317b56068d170f') in 0.008849 seconds
  Import took 0.010665 seconds .

========================================================================
Received Import Request.
  Time since last request: 1.819668 seconds.
  path: Assets/SimpleNaturePack/Scenes/menu.unity
  artifactKey: Guid(6cc68dd65f9443c4bbc2d3108bd63b4f) Importer(815301076,1909f56bfc062723c751e8b465ee728b)
Start importing Assets/SimpleNaturePack/Scenes/menu.unity using Guid(6cc68dd65f9443c4bbc2d3108bd63b4f) Importer(815301076,1909f56bfc062723c751e8b465ee728b)  -> (artifact id: '24af4ddc311682602b317b56068d170f') in 0.002473 seconds
  Import took 0.004266 seconds .

========================================================================
Received Import Request.
  Time since last request: 69.293933 seconds.
  path: Assets/start.cs
  artifactKey: Guid(16fe37ae1e9ae494e96e338e2da7229e) Importer(815301076,1909f56bfc062723c751e8b465ee728b)
Start importing Assets/start.cs using Guid(16fe37ae1e9ae494e96e338e2da7229e) Importer(815301076,1909f56bfc062723c751e8b465ee728b)  -> (artifact id: '48ad3e6a105a0f49451ef20a6b761325') in 0.032871 seconds
  Import took 0.034843 seconds .

========================================================================
Received Import Request.
  Time since last request: 21753.876233 seconds.
  path: Assets/death.cs
  artifactKey: Guid(5d3147d7f1cf9174bbd5f6ef9fc1dff3) Importer(815301076,1909f56bfc062723c751e8b465ee728b)
Start importing Assets/death.cs using Guid(5d3147d7f1cf9174bbd5f6ef9fc1dff3) Importer(815301076,1909f56bfc062723c751e8b465ee728b)  -> (artifact id: '4f4e2d6010b2fec2f9cd855a70e65039') in 0.008010 seconds
  Import took 0.029333 seconds .

AssetImportWorkerClient::OnTransportError - code=2 error=End of file
